  Main.cpp
c:\users\admin\documents\escuela\comp grafica\lab\proyecto\openglproject\homealone2\homealone\main.cpp(740): warning C4244: 'inicializando': conversión de 'double' a 'GLfloat'; posible pérdida de datos
c:\users\admin\documents\escuela\comp grafica\lab\proyecto\openglproject\homealone2\homealone\main.cpp(1220): warning C4244: '=': conversión de 'double' a 'float'; posible pérdida de datos
c:\users\admin\documents\escuela\comp grafica\lab\proyecto\openglproject\homealone2\homealone\main.cpp(1221): warning C4244: '=': conversión de 'double' a 'float'; posible pérdida de datos
c:\users\admin\documents\escuela\comp grafica\lab\proyecto\openglproject\homealone2\homealone\main.cpp(1511): warning C4244: '=': conversión de 'double' a 'GLfloat'; posible pérdida de datos
c:\users\admin\documents\escuela\comp grafica\lab\proyecto\openglproject\homealone2\homealone\main.cpp(1512): warning C4244: '=': conversión de 'double' a 'GLfloat'; posible pérdida de datos
c:\users\admin\documents\escuela\comp grafica\lab\proyecto\openglproject\homealone2\homealone\main.cpp(1516): warning C4244: 'inicializando': conversión de 'double' a 'GLfloat'; posible pérdida de datos
c:\users\admin\documents\escuela\comp grafica\lab\proyecto\openglproject\homealone2\homealone\main.cpp(1517): warning C4244: 'inicializando': conversión de 'double' a 'GLfloat'; posible pérdida de datos
c:\users\admin\documents\escuela\comp grafica\lab\proyecto\openglproject\homealone2\homealone\main.cpp(1519): warning C4244: '=': conversión de 'double' a 'GLfloat'; posible pérdida de datos
c:\users\admin\documents\escuela\comp grafica\lab\proyecto\openglproject\homealone2\homealone\main.cpp(1520): warning C4244: '=': conversión de 'double' a 'GLfloat'; posible pérdida de datos
c:\users\admin\documents\escuela\comp grafica\lab\proyecto\openglproject\homealone2\homealone\main.cpp(1582): warning C4305: '+=': truncamiento de 'double' a 'float'
soil2-debug.lib(SOIL2.obj) : warning LNK4075: se omite '/EDITANDCONTINUE' debido a la especificación '/OPT:ICF'
LINK : warning LNK4098: la biblioteca predeterminada'MSVCRTD' entra en conflicto con otras bibliotecas; use la biblioteca /NODEFAULTLIB:biblioteca
  Generando código
  18 of 788 functions ( 2.3%) were compiled, the rest were copied from previous compilation.
    0 functions were new in current compilation
    7 functions had inline decision re-evaluated but remain unchanged
  Generación de código finalizada
soil2-debug.lib(etc1_utils.obj) : warning LNK4099: no se encontró PDB 'soil2-debug.pdb' con 'soil2-debug.lib(etc1_utils.obj)' o en 'C:\Users\Admin\Documents\escuela\comp grafica\lab\proyecto\openglProject\HomeAlone2\Release\soil2-debug.pdb'; se vinculará el objeto sin tener en cuenta información de depuración
soil2-debug.lib(image_DXT.obj) : warning LNK4099: no se encontró PDB 'soil2-debug.pdb' con 'soil2-debug.lib(image_DXT.obj)' o en 'C:\Users\Admin\Documents\escuela\comp grafica\lab\proyecto\openglProject\HomeAlone2\Release\soil2-debug.pdb'; se vinculará el objeto sin tener en cuenta información de depuración
soil2-debug.lib(image_helper.obj) : warning LNK4099: no se encontró PDB 'soil2-debug.pdb' con 'soil2-debug.lib(image_helper.obj)' o en 'C:\Users\Admin\Documents\escuela\comp grafica\lab\proyecto\openglProject\HomeAlone2\Release\soil2-debug.pdb'; se vinculará el objeto sin tener en cuenta información de depuración
soil2-debug.lib(SOIL2.obj) : warning LNK4099: no se encontró PDB 'soil2-debug.pdb' con 'soil2-debug.lib(SOIL2.obj)' o en 'C:\Users\Admin\Documents\escuela\comp grafica\lab\proyecto\openglProject\HomeAlone2\Release\soil2-debug.pdb'; se vinculará el objeto sin tener en cuenta información de depuración
  HomeAlone.vcxproj -> C:\Users\Admin\Documents\escuela\comp grafica\lab\proyecto\openglProject\HomeAlone2\Release\HomeAlone.exe
